<?xml version="1.0" encoding="UTF-8"?>
<testng-results skipped="0" failed="1" ignored="0" total="1" passed="0">
  <reporter-output>
  </reporter-output>
  <suite name="Default suite" duration-ms="118595" started-at="2017-12-22T09:51:27Z" finished-at="2017-12-22T09:53:25Z">
    <groups>
    </groups>
    <test name="Default test" duration-ms="118595" started-at="2017-12-22T09:51:27Z" finished-at="2017-12-22T09:53:25Z">
      <class name="com.acams.ddf.testcases.Cms_Eligibility_Test">
        <test-method status="PASS" signature="beforeTest()[pri:0, instance:com.acams.ddf.testcases.Cms_Eligibility_Test@704deff2]" name="beforeTest" is-config="true" duration-ms="252" started-at="2017-12-22T04:51:27Z" finished-at="2017-12-22T04:51:27Z">
          <reporter-output>
          </reporter-output>
        </test-method> <!-- beforeTest -->
        <test-method status="FAIL" signature="Cms_Eligibility_Test(java.util.Hashtable)[pri:4, instance:com.acams.ddf.testcases.Cms_Eligibility_Test@704deff2]" name="Cms_Eligibility_Test" duration-ms="116837" started-at="2017-12-22T04:51:28Z" data-provider="getData" finished-at="2017-12-22T04:53:25Z">
          <params>
            <param index="0">
              <value>
                <![CDATA[{ClientName=Waltson, John, Case=20171204000194, Insurance=CMS Only, ICDCode=A0, Runmode=Y, Mpi=201712018777 , ICDComments=ICD code added successfully., Browser=ie}]]>
              </value>
            </param>
          </params>
          <exception class="java.lang.AssertionError">
            <message>
              <![CDATA[Alert Text not Matches--Actual Alert Text =The Eligibility End Date field is mandatory. Please enter Eligibility End Date.--Expected Alert Text=Record saved successfully.]]>
            </message>
            <full-stacktrace>
              <![CDATA[java.lang.AssertionError: Alert Text not Matches--Actual Alert Text =The Eligibility End Date field is mandatory. Please enter Eligibility End Date.--Expected Alert Text=Record saved successfully.
	at org.testng.Assert.fail(Assert.java:94)
	at com.acams.ddf.base.BaseTest.reportFailure(BaseTest.java:702)
	at com.acams.ddf.base.BaseTest.verifyAlertPresentAndAlertText(BaseTest.java:945)
	at com.acams.ddf.testcases.Cms_Eligibility_Test.Cms_Eligibility_Test(Cms_Eligibility_Test.java:282)
	at sun.reflect.NativeMethodAccessorImpl.invoke0(Native Method)
	at sun.reflect.NativeMethodAccessorImpl.invoke(NativeMethodAccessorImpl.java:62)
	at sun.reflect.DelegatingMethodAccessorImpl.invoke(DelegatingMethodAccessorImpl.java:43)
	at java.lang.reflect.Method.invoke(Method.java:498)
	at org.testng.internal.MethodInvocationHelper.invokeMethod(MethodInvocationHelper.java:104)
	at org.testng.internal.Invoker.invokeMethod(Invoker.java:645)
	at org.testng.internal.Invoker.invokeTestMethod(Invoker.java:851)
	at org.testng.internal.Invoker.invokeTestMethods(Invoker.java:1177)
	at org.testng.internal.TestMethodWorker.invokeTestMethods(TestMethodWorker.java:129)
	at org.testng.internal.TestMethodWorker.run(TestMethodWorker.java:112)
	at org.testng.TestRunner.privateRun(TestRunner.java:756)
	at org.testng.TestRunner.run(TestRunner.java:610)
	at org.testng.SuiteRunner.runTest(SuiteRunner.java:387)
	at org.testng.SuiteRunner.runSequentially(SuiteRunner.java:382)
	at org.testng.SuiteRunner.privateRun(SuiteRunner.java:340)
	at org.testng.SuiteRunner.run(SuiteRunner.java:289)
	at org.testng.SuiteRunnerWorker.runSuite(SuiteRunnerWorker.java:52)
	at org.testng.SuiteRunnerWorker.run(SuiteRunnerWorker.java:86)
	at org.testng.TestNG.runSuitesSequentially(TestNG.java:1293)
	at org.testng.TestNG.runSuitesLocally(TestNG.java:1218)
	at org.testng.TestNG.runSuites(TestNG.java:1133)
	at org.testng.TestNG.run(TestNG.java:1104)
	at org.testng.remote.AbstractRemoteTestNG.run(AbstractRemoteTestNG.java:114)
	at org.testng.remote.RemoteTestNG.initAndRun(RemoteTestNG.java:251)
	at org.testng.remote.RemoteTestNG.main(RemoteTestNG.java:77)
]]>
            </full-stacktrace>
          </exception> <!-- java.lang.AssertionError -->
          <reporter-output>
          </reporter-output>
        </test-method> <!-- Cms_Eligibility_Test -->
        <test-method status="PASS" signature="init()[pri:0, instance:com.acams.ddf.testcases.Cms_Eligibility_Test@704deff2]" name="init" is-config="true" duration-ms="0" started-at="2017-12-22T04:51:28Z" finished-at="2017-12-22T04:51:28Z">
          <reporter-output>
          </reporter-output>
        </test-method> <!-- init -->
        <test-method status="PASS" signature="quit()[pri:0, instance:com.acams.ddf.testcases.Cms_Eligibility_Test@704deff2]" name="quit" is-config="true" duration-ms="430" started-at="2017-12-22T04:53:25Z" finished-at="2017-12-22T04:53:25Z">
          <reporter-output>
          </reporter-output>
        </test-method> <!-- quit -->
        <test-method status="PASS" signature="closeBrowser()[pri:0, instance:com.acams.ddf.testcases.Cms_Eligibility_Test@704deff2]" name="closeBrowser" is-config="true" duration-ms="36" started-at="2017-12-22T04:53:25Z" finished-at="2017-12-22T04:53:25Z">
          <reporter-output>
          </reporter-output>
        </test-method> <!-- closeBrowser -->
      </class> <!-- com.acams.ddf.testcases.Cms_Eligibility_Test -->
    </test> <!-- Default test -->
  </suite> <!-- Default suite -->
</testng-results>
