<html>
<head>
<title>TestNG:  IntakePage</title>
<link href="../testng.css" rel="stylesheet" type="text/css" />
<link href="../my-testng.css" rel="stylesheet" type="text/css" />

<style type="text/css">
.log { display: none;} 
.stack-trace { display: none;} 
</style>
<script type="text/javascript">
<!--
function flip(e) {
  current = e.style.display;
  if (current == 'block') {
    e.style.display = 'none';
    return 0;
  }
  else {
    e.style.display = 'block';
    return 1;
  }
}

function toggleBox(szDivId, elem, msg1, msg2)
{
  var res = -1;  if (document.getElementById) {
    res = flip(document.getElementById(szDivId));
  }
  else if (document.all) {
    // this is the way old msie versions work
    res = flip(document.all[szDivId]);
  }
  if(elem) {
    if(res == 0) elem.innerHTML = msg1; else elem.innerHTML = msg2;
  }

}

function toggleAllBoxes() {
  if (document.getElementsByTagName) {
    d = document.getElementsByTagName('div');
    for (i = 0; i < d.length; i++) {
      if (d[i].className == 'log') {
        flip(d[i]);
      }
    }
  }
}

// -->
</script>

</head>
<body>
<h2 align='center'>IntakePage</h2><table border='1' align="center">
<tr>
<td>Tests passed/Failed/Skipped:</td><td>0/1/0</td>
</tr><tr>
<td>Started on:</td><td>Mon Dec 04 15:35:59 IST 2017</td>
</tr>
<tr><td>Total time:</td><td>64 seconds (64819 ms)</td>
</tr><tr>
<td>Included groups:</td><td></td>
</tr><tr>
<td>Excluded groups:</td><td></td>
</tr>
</table><p/>
<small><i>(Hover the method name to see the test class name)</i></small><p/>
<table width='100%' border='1' class='invocation-failed'>
<tr><td colspan='4' align='center'><b>FAILED TESTS</b></td></tr>
<tr><td><b>Test method</b></td>
<td width="30%"><b>Exception</b></td>
<td width="10%"><b>Time (seconds)</b></td>
<td><b>Instance</b></td>
</tr>
<tr>
<td title='com.acams.ddf.testcases.IntakePageTest.IntakePageTest()'><b>IntakePageTest</b><br>Test class: com.acams.ddf.testcases.IntakePageTest<br>Parameters: {CommPhone=(222)-222-2222, Browser=ie, Gender=Male, ClientName=Sailor, John, FinalComment=IntakeFinalComments, AddressType2=Billing, Zip=12345.0, County=Catron, Country=USA, RelationshipStatus=Mother, PhoneExt=22222.0, Dob=07/23/2000, MPhoneExt=22222.0, Race=Asian, Ethnicity=Hispanic or Latino, Mpi=201712018648, Mdob=03/25/1982, State=New Mexico, Runmode=Y, CommunicationType=Mobile, Mphone='(222)-222-2222, Case=20171204000008, MLastName=Sailor, MFirstName=Jessica, MCO=Molina, AddressType=Mailing, Address2=B address1, Address1=M address1, Email=Mother@Email.com, Memail=Mother@Email.com, MSSN=999-99-9999, City=Alabama, FacilityRegion=NE}</td>
<td><div><pre>java.lang.AssertionError: The alert text is not present
	at com.acams.ddf.base.BaseTest.reportFailure(BaseTest.java:622)
	at com.acams.ddf.base.BaseTest.alertPresentAndGetText(BaseTest.java:935)
	at com.acams.ddf.testcases.IntakePageTest.IntakePageTest(IntakePageTest.java:177)
... Removed 26 stack frames</pre></div><a href='#' onClick='toggleBox("stack-trace13117403", this, "Click to show all stack frames", "Click to hide stack frames")'>Click to show all stack frames</a>
<div class='stack-trace' id='stack-trace13117403'><pre>java.lang.AssertionError: The alert text is not present
	at org.testng.Assert.fail(Assert.java:94)
	at com.acams.ddf.base.BaseTest.reportFailure(BaseTest.java:622)
	at com.acams.ddf.base.BaseTest.alertPresentAndGetText(BaseTest.java:935)
	at com.acams.ddf.testcases.IntakePageTest.IntakePageTest(IntakePageTest.java:177)
	at sun.reflect.NativeMethodAccessorImpl.invoke0(Native Method)
	at sun.reflect.NativeMethodAccessorImpl.invoke(Unknown Source)
	at sun.reflect.DelegatingMethodAccessorImpl.invoke(Unknown Source)
	at java.lang.reflect.Method.invoke(Unknown Source)
	at org.testng.internal.MethodInvocationHelper.invokeMethod(MethodInvocationHelper.java:85)
	at org.testng.internal.Invoker.invokeMethod(Invoker.java:639)
	at org.testng.internal.Invoker.invokeTestMethod(Invoker.java:821)
	at org.testng.internal.Invoker.invokeTestMethods(Invoker.java:1131)
	at org.testng.internal.TestMethodWorker.invokeTestMethods(TestMethodWorker.java:124)
	at org.testng.internal.TestMethodWorker.run(TestMethodWorker.java:108)
	at org.testng.TestRunner.privateRun(TestRunner.java:773)
	at org.testng.TestRunner.run(TestRunner.java:623)
	at org.testng.SuiteRunner.runTest(SuiteRunner.java:357)
	at org.testng.SuiteRunner.runSequentially(SuiteRunner.java:352)
	at org.testng.SuiteRunner.privateRun(SuiteRunner.java:310)
	at org.testng.SuiteRunner.run(SuiteRunner.java:259)
	at org.testng.SuiteRunnerWorker.runSuite(SuiteRunnerWorker.java:52)
	at org.testng.SuiteRunnerWorker.run(SuiteRunnerWorker.java:86)
	at org.testng.TestNG.runSuitesSequentially(TestNG.java:1185)
	at org.testng.TestNG.runSuitesSequentially(TestNG.java:1181)
	at org.testng.TestNG.runSuitesLocally(TestNG.java:1110)
	at org.testng.TestNG.run(TestNG.java:1018)
	at org.testng.remote.AbstractRemoteTestNG.run(AbstractRemoteTestNG.java:126)
	at org.testng.remote.RemoteTestNG.initAndRun(RemoteTestNG.java:152)
	at org.testng.remote.RemoteTestNG.main(RemoteTestNG.java:57)
</pre></div></td>
<td>57</td>
<td>com.acams.ddf.testcases.IntakePageTest@48fa0f47</td></tr>
</table><p>
</body>
</html>