<?xml version="1.0" encoding="UTF-8"?>
<testng-results skipped="0" failed="3" ignored="0" total="7" passed="4">
  <reporter-output>
  </reporter-output>
  <suite name="ACAMS SUITE" duration-ms="0" started-at="2018-02-06T08:36:42Z" finished-at="2018-02-06T08:36:42Z">
    <groups>
    </groups>
  </suite> <!-- ACAMS SUITE -->
  <suite name="ACAMS SUITE ONE" duration-ms="770623" started-at="2018-02-06T08:23:51Z" finished-at="2018-02-06T08:36:42Z">
    <groups>
    </groups>
    <test name="LoginTest" duration-ms="34437" started-at="2018-02-06T08:23:51Z" finished-at="2018-02-06T08:24:25Z">
      <class name="com.acams.ddf.testcases.LoginTest">
        <test-method status="PASS" signature="beforeTest()[pri:0, instance:com.acams.ddf.testcases.LoginTest@351d0846]" name="beforeTest" is-config="true" duration-ms="594" started-at="2018-02-06T03:23:51Z" finished-at="2018-02-06T03:23:52Z">
          <reporter-output>
          </reporter-output>
        </test-method> <!-- beforeTest -->
        <test-method status="PASS" signature="init()[pri:0, instance:com.acams.ddf.testcases.LoginTest@351d0846]" name="init" is-config="true" duration-ms="0" started-at="2018-02-06T03:23:52Z" finished-at="2018-02-06T03:23:52Z">
          <reporter-output>
          </reporter-output>
        </test-method> <!-- init -->
        <test-method status="PASS" signature="LoginTest(java.util.Hashtable)[pri:1, instance:com.acams.ddf.testcases.LoginTest@351d0846]" name="LoginTest" duration-ms="31299" started-at="2018-02-06T03:23:52Z" data-provider="getData" finished-at="2018-02-06T03:24:23Z">
          <params>
            <param index="0">
              <value>
                <![CDATA[{Username=greg.bergman, ExpectedResult=Y, Password=1234, Runmode=Y, Browser=ie}]]>
              </value>
            </param>
          </params>
          <reporter-output>
          </reporter-output>
        </test-method> <!-- LoginTest -->
        <test-method status="PASS" signature="quit()[pri:0, instance:com.acams.ddf.testcases.LoginTest@351d0846]" name="quit" is-config="true" duration-ms="2231" started-at="2018-02-06T03:24:23Z" finished-at="2018-02-06T03:24:25Z">
          <reporter-output>
          </reporter-output>
        </test-method> <!-- quit -->
      </class> <!-- com.acams.ddf.testcases.LoginTest -->
    </test> <!-- LoginTest -->
    <test name="SaveAsReferralTest" duration-ms="176313" started-at="2018-02-06T08:24:25Z" finished-at="2018-02-06T08:27:22Z">
      <class name="com.acams.ddf.testcases.SaveAsReferral">
        <test-method status="PASS" signature="beforeTest()[pri:0, instance:com.acams.ddf.testcases.SaveAsReferral@29ba4338]" name="beforeTest" is-config="true" duration-ms="265" started-at="2018-02-06T03:24:25Z" finished-at="2018-02-06T03:24:26Z">
          <reporter-output>
          </reporter-output>
        </test-method> <!-- beforeTest -->
        <test-method status="PASS" signature="IntakePageTest(java.util.Hashtable)[pri:2, instance:com.acams.ddf.testcases.SaveAsReferral@29ba4338]" name="IntakePageTest" duration-ms="175736" started-at="2018-02-06T03:24:26Z" data-provider="getData" finished-at="2018-02-06T03:27:22Z">
          <params>
            <param index="0">
              <value>
                <![CDATA[{Browser=ie, AddressType2=Billing, Zip=12345.0, SourceAddress= 751 Golden Eagle Trail Chaparral NM 88081  , TypeOfContact=Secondary Contact, MiddleName=, AtcComments=Test Referral ATC, Runmode=Y, SourceName=Liliana Lopez , LastName=Clarkss, ReferralDate=10/30/2017, ReferralFinalComments=Add Referral Final Comments Test, Cc/clerk=CC - Atkins, Cheryl, CCOutreachtime=100, FirstName=Andy, MCO=Molina, SourceType=Other, AddressType=Mailing, Address2=B address1, SourcePhone=(575)-639-3074, Address1=M address1, SourceContactPerson=Source Contact Person Test}]]>
              </value>
            </param>
          </params>
          <reporter-output>
          </reporter-output>
        </test-method> <!-- IntakePageTest -->
        <test-method status="PASS" signature="init()[pri:0, instance:com.acams.ddf.testcases.SaveAsReferral@29ba4338]" name="init" is-config="true" duration-ms="0" started-at="2018-02-06T03:24:26Z" finished-at="2018-02-06T03:24:26Z">
          <reporter-output>
          </reporter-output>
        </test-method> <!-- init -->
        <test-method status="PASS" signature="quit()[pri:0, instance:com.acams.ddf.testcases.SaveAsReferral@29ba4338]" name="quit" is-config="true" duration-ms="109" started-at="2018-02-06T03:27:22Z" finished-at="2018-02-06T03:27:22Z">
          <reporter-output>
          </reporter-output>
        </test-method> <!-- quit -->
      </class> <!-- com.acams.ddf.testcases.SaveAsReferral -->
    </test> <!-- SaveAsReferralTest -->
    <test name="IntakePageTest" duration-ms="137432" started-at="2018-02-06T08:27:22Z" finished-at="2018-02-06T08:29:39Z">
      <class name="com.acams.ddf.testcases.IntakePageTest">
        <test-method status="PASS" signature="beforeTest()[pri:0, instance:com.acams.ddf.testcases.IntakePageTest@429bffaa]" name="beforeTest" is-config="true" duration-ms="459" started-at="2018-02-06T03:27:22Z" finished-at="2018-02-06T03:27:22Z">
          <reporter-output>
          </reporter-output>
        </test-method> <!-- beforeTest -->
        <test-method status="PASS" signature="IntakePageTest(java.util.Hashtable)[pri:3, instance:com.acams.ddf.testcases.IntakePageTest@429bffaa]" name="IntakePageTest" duration-ms="136738" started-at="2018-02-06T03:27:22Z" data-provider="getData" finished-at="2018-02-06T03:29:39Z">
          <params>
            <param index="0">
              <value>
                <![CDATA[{CommPhone=(222)-222-2222, Browser=ie, Gender=Male, ClientName=Breadman, Jessica, FinalComment=IntakeFinalComments, AddressType2=Billing, Zip=12345.0, County=Catron, Country=USA, RelationshipStatus=Mother, PhoneExt=22222.0, Dob=07/23/2000, MPhoneExt=22222.0, Race=Asian, Ethnicity=Hispanic or Latino, Mpi=201802002675, Mdob=03/25/1982, State=New Mexico, Runmode=Y, CommunicationType=Mobile, Mphone='(222)-222-2222, Case=20180204000013, MLastName=Clarkss, ReferralClientName=, MFirstName=Jessica, MCO=Molina, AddressType=Mailing, Address2=B address1, Address1=M address1, Email=Mother@Email.com, Memail=Mother@Email.com, MSSN=678-90-8765, City=Alabama, FacilityRegion=NE}]]>
              </value>
            </param>
          </params>
          <reporter-output>
          </reporter-output>
        </test-method> <!-- IntakePageTest -->
        <test-method status="PASS" signature="init()[pri:0, instance:com.acams.ddf.testcases.IntakePageTest@429bffaa]" name="init" is-config="true" duration-ms="0" started-at="2018-02-06T03:27:22Z" finished-at="2018-02-06T03:27:22Z">
          <reporter-output>
          </reporter-output>
        </test-method> <!-- init -->
        <test-method status="PASS" signature="quit()[pri:0, instance:com.acams.ddf.testcases.IntakePageTest@429bffaa]" name="quit" is-config="true" duration-ms="110" started-at="2018-02-06T03:29:39Z" finished-at="2018-02-06T03:29:39Z">
          <reporter-output>
          </reporter-output>
        </test-method> <!-- quit -->
      </class> <!-- com.acams.ddf.testcases.IntakePageTest -->
    </test> <!-- IntakePageTest -->
    <test name="DemographicsTest" duration-ms="95756" started-at="2018-02-06T08:29:39Z" finished-at="2018-02-06T08:31:15Z">
      <class name="com.acams.ddf.testcases.DemographicsPageTest">
        <test-method status="PASS" signature="beforeTest()[pri:0, instance:com.acams.ddf.testcases.DemographicsPageTest@32b260fa]" name="beforeTest" is-config="true" duration-ms="328" started-at="2018-02-06T03:29:39Z" finished-at="2018-02-06T03:29:40Z">
          <reporter-output>
          </reporter-output>
        </test-method> <!-- beforeTest -->
        <test-method status="PASS" signature="init()[pri:0, instance:com.acams.ddf.testcases.DemographicsPageTest@32b260fa]" name="init" is-config="true" duration-ms="0" started-at="2018-02-06T03:29:40Z" finished-at="2018-02-06T03:29:40Z">
          <reporter-output>
          </reporter-output>
        </test-method> <!-- init -->
        <test-method status="PASS" signature="DemographicsPageTest(java.util.Hashtable)[pri:4, instance:com.acams.ddf.testcases.DemographicsPageTest@32b260fa]" name="DemographicsPageTest" duration-ms="95272" started-at="2018-02-06T03:29:40Z" data-provider="getData" finished-at="2018-02-06T03:31:15Z">
          <params>
            <param index="0">
              <value>
                <![CDATA[{Browser=ie, PharmacyName=Test Pharmacy, ClientName=Clarkss, Andy, Employer=ACRO, Occupation=Servicemen, ELastName=, PCPClinicName=PCPClinicName, EducationCompleted=Associates Degree, EmployementStatus=Full Time, Runmode=Y, Mpi=201802002676, PCPFirstName=PCPFirstName, DemoFinalComments=Demogrpahics Final Comments Test, Case=20180204000014, PCPLastName=PCPLastName, EmploymentRelationshipstatus=Mother, EFirstName=, FamilyEducationRelationshipStatus=Mother}]]>
              </value>
            </param>
          </params>
          <reporter-output>
          </reporter-output>
        </test-method> <!-- DemographicsPageTest -->
        <test-method status="PASS" signature="quit()[pri:0, instance:com.acams.ddf.testcases.DemographicsPageTest@32b260fa]" name="quit" is-config="true" duration-ms="94" started-at="2018-02-06T03:31:15Z" finished-at="2018-02-06T03:31:15Z">
          <reporter-output>
          </reporter-output>
        </test-method> <!-- quit -->
      </class> <!-- com.acams.ddf.testcases.DemographicsPageTest -->
    </test> <!-- DemographicsTest -->
    <test name="Cms_Eligibility_Test" duration-ms="116927" started-at="2018-02-06T08:31:15Z" finished-at="2018-02-06T08:33:12Z">
      <class name="com.acams.ddf.testcases.Cms_Eligibility_Test">
        <test-method status="PASS" signature="beforeTest()[pri:0, instance:com.acams.ddf.testcases.Cms_Eligibility_Test@fba92d3]" name="beforeTest" is-config="true" duration-ms="308" started-at="2018-02-06T03:31:15Z" finished-at="2018-02-06T03:31:15Z">
          <reporter-output>
          </reporter-output>
        </test-method> <!-- beforeTest -->
        <test-method status="FAIL" signature="Cms_Eligibility_Test(java.util.Hashtable)[pri:4, instance:com.acams.ddf.testcases.Cms_Eligibility_Test@fba92d3]" name="Cms_Eligibility_Test" duration-ms="116446" started-at="2018-02-06T03:31:15Z" data-provider="getData" finished-at="2018-02-06T03:33:12Z">
          <params>
            <param index="0">
              <value>
                <![CDATA[{Mpi=201802002676, Case=20180204000014, ICDComments=ICD code added successfully., ClientName=Clarkss, Andy, Runmode=Y, ICDCode=A0, MdApprovalComment=I am approving the ICD code , Insurance=CMS Only, Browser=ie}]]>
              </value>
            </param>
          </params>
          <exception class="java.lang.AssertionError">
            <message>
              <![CDATA[Alert is not present]]>
            </message>
            <full-stacktrace>
              <![CDATA[java.lang.AssertionError: Alert is not present
	at org.testng.Assert.fail(Assert.java:94)
	at com.acams.ddf.base.BaseTest.reportFailure(BaseTest.java:815)
	at com.acams.ddf.base.BaseTest.verifyAlertPresentAndAlertText(BaseTest.java:1067)
	at com.acams.ddf.testcases.Cms_Eligibility_Test.Cms_Eligibility_Test(Cms_Eligibility_Test.java:335)
	at sun.reflect.NativeMethodAccessorImpl.invoke0(Native Method)
	at sun.reflect.NativeMethodAccessorImpl.invoke(NativeMethodAccessorImpl.java:62)
	at sun.reflect.DelegatingMethodAccessorImpl.invoke(DelegatingMethodAccessorImpl.java:43)
	at java.lang.reflect.Method.invoke(Method.java:498)
	at org.testng.internal.MethodInvocationHelper.invokeMethod(MethodInvocationHelper.java:104)
	at org.testng.internal.Invoker.invokeMethod(Invoker.java:645)
	at org.testng.internal.Invoker.invokeTestMethod(Invoker.java:851)
	at org.testng.internal.Invoker.invokeTestMethods(Invoker.java:1177)
	at org.testng.internal.TestMethodWorker.invokeTestMethods(TestMethodWorker.java:129)
	at org.testng.internal.TestMethodWorker.run(TestMethodWorker.java:112)
	at org.testng.TestRunner.privateRun(TestRunner.java:756)
	at org.testng.TestRunner.run(TestRunner.java:610)
	at org.testng.SuiteRunner.runTest(SuiteRunner.java:387)
	at org.testng.SuiteRunner.runSequentially(SuiteRunner.java:382)
	at org.testng.SuiteRunner.privateRun(SuiteRunner.java:340)
	at org.testng.SuiteRunner.run(SuiteRunner.java:289)
	at org.testng.SuiteRunnerWorker.runSuite(SuiteRunnerWorker.java:52)
	at org.testng.SuiteRunnerWorker.run(SuiteRunnerWorker.java:86)
	at org.testng.TestNG.runSuitesSequentially(TestNG.java:1293)
	at org.testng.TestNG.runSuitesSequentially(TestNG.java:1289)
	at org.testng.TestNG.runSuitesLocally(TestNG.java:1218)
	at org.testng.TestNG.runSuites(TestNG.java:1133)
	at org.testng.TestNG.run(TestNG.java:1104)
	at org.apache.maven.surefire.testng.TestNGExecutor.run(TestNGExecutor.java:295)
	at org.apache.maven.surefire.testng.TestNGXmlTestSuite.execute(TestNGXmlTestSuite.java:84)
	at org.apache.maven.surefire.testng.TestNGProvider.invoke(TestNGProvider.java:90)
	at org.apache.maven.surefire.booter.ForkedBooter.invokeProviderInSameClassLoader(ForkedBooter.java:203)
	at org.apache.maven.surefire.booter.ForkedBooter.runSuitesInProcess(ForkedBooter.java:155)
	at org.apache.maven.surefire.booter.ForkedBooter.main(ForkedBooter.java:103)
]]>
            </full-stacktrace>
          </exception> <!-- java.lang.AssertionError -->
          <reporter-output>
          </reporter-output>
        </test-method> <!-- Cms_Eligibility_Test -->
        <test-method status="PASS" signature="init()[pri:0, instance:com.acams.ddf.testcases.Cms_Eligibility_Test@fba92d3]" name="init" is-config="true" duration-ms="0" started-at="2018-02-06T03:31:15Z" finished-at="2018-02-06T03:31:15Z">
          <reporter-output>
          </reporter-output>
        </test-method> <!-- init -->
        <test-method status="PASS" signature="quit()[pri:0, instance:com.acams.ddf.testcases.Cms_Eligibility_Test@fba92d3]" name="quit" is-config="true" duration-ms="95" started-at="2018-02-06T03:33:12Z" finished-at="2018-02-06T03:33:12Z">
          <reporter-output>
          </reporter-output>
        </test-method> <!-- quit -->
      </class> <!-- com.acams.ddf.testcases.Cms_Eligibility_Test -->
    </test> <!-- Cms_Eligibility_Test -->
    <test name="CMS_Card_Test" duration-ms="163417" started-at="2018-02-06T08:33:12Z" finished-at="2018-02-06T08:35:55Z">
      <class name="com.acams.ddf.testcases.CMS_Card_Test">
        <test-method status="PASS" signature="beforeTest()[pri:0, instance:com.acams.ddf.testcases.CMS_Card_Test@6392827e]" name="beforeTest" is-config="true" duration-ms="325" started-at="2018-02-06T03:33:12Z" finished-at="2018-02-06T03:33:12Z">
          <reporter-output>
          </reporter-output>
        </test-method> <!-- beforeTest -->
        <test-method status="FAIL" signature="CMS_Card_Test(java.util.Hashtable)[pri:1, instance:com.acams.ddf.testcases.CMS_Card_Test@6392827e]" name="CMS_Card_Test" duration-ms="162916" started-at="2018-02-06T03:33:12Z" data-provider="getData" finished-at="2018-02-06T03:35:55Z">
          <params>
            <param index="0">
              <value>
                <![CDATA[{ClientName=Clarkss, Andy, Case=20180204000014, Runmode=Y, Mpi=201802002676, Browser=ie}]]>
              </value>
            </param>
          </params>
          <exception class="java.lang.AssertionError">
            <message>
              <![CDATA[Unable to find element with xpath == .//*[@id='lnkEligibility']
For documentation on this error, please visit: http://seleniumhq.org/exceptions/no_such_element.html
Build info: version: '3.5.3', revision: 'a88d25fe6b', time: '2017-08-29T12:42:44.417Z'
System info: host: 'ACROLAP15', ip: '10.0.4.83', os.name: 'Windows 10', os.arch: 'amd64', os.version: '10.0', java.version: '1.8.0_102'
Driver info: org.openqa.selenium.ie.InternetExplorerDriver
Capabilities [{proxy=Proxy(), acceptInsecureCerts=false, browserVersion=11, se:ieOptions={nativeEvents=true, browserAttachTimeout=0, ie.ensureCleanSession=false, elementScrollBehavior=0, enablePersistentHover=true, ie.browserCommandLineSwitches=, ie.forceCreateProcessApi=false, requireWindowFocus=false, initialBrowserUrl=http://localhost:21944/, ignoreZoomSetting=false, ie.fileUploadDialogTimeout=3000, ignoreProtectedModeSettings=false}, timeouts={implicit=0, pageLoad=300000, script=30000}, browserName=internet explorer, pageLoadStrategy=normal, javascriptEnabled=true, platformName=XP, setWindowRect=true, platform=XP}]
Session ID: 8ba5584b-563a-48f1-814b-8ad3ae781215
*** Element info: {Using=xpath, value=.//*[@id='lnkEligibility']}]]>
            </message>
            <full-stacktrace>
              <![CDATA[java.lang.AssertionError: Unable to find element with xpath == .//*[@id='lnkEligibility']
For documentation on this error, please visit: http://seleniumhq.org/exceptions/no_such_element.html
Build info: version: '3.5.3', revision: 'a88d25fe6b', time: '2017-08-29T12:42:44.417Z'
System info: host: 'ACROLAP15', ip: '10.0.4.83', os.name: 'Windows 10', os.arch: 'amd64', os.version: '10.0', java.version: '1.8.0_102'
Driver info: org.openqa.selenium.ie.InternetExplorerDriver
Capabilities [{proxy=Proxy(), acceptInsecureCerts=false, browserVersion=11, se:ieOptions={nativeEvents=true, browserAttachTimeout=0, ie.ensureCleanSession=false, elementScrollBehavior=0, enablePersistentHover=true, ie.browserCommandLineSwitches=, ie.forceCreateProcessApi=false, requireWindowFocus=false, initialBrowserUrl=http://localhost:21944/, ignoreZoomSetting=false, ie.fileUploadDialogTimeout=3000, ignoreProtectedModeSettings=false}, timeouts={implicit=0, pageLoad=300000, script=30000}, browserName=internet explorer, pageLoadStrategy=normal, javascriptEnabled=true, platformName=XP, setWindowRect=true, platform=XP}]
Session ID: 8ba5584b-563a-48f1-814b-8ad3ae781215
*** Element info: {Using=xpath, value=.//*[@id='lnkEligibility']}
	at org.testng.Assert.fail(Assert.java:94)
	at com.acams.ddf.base.BaseTest.reportFailure(BaseTest.java:815)
	at com.acams.ddf.base.BaseTest.getElement(BaseTest.java:287)
	at com.acams.ddf.base.BaseTest.clickEligibility(BaseTest.java:1528)
	at com.acams.ddf.testcases.CMS_Card_Test.CMS_Card_Test(CMS_Card_Test.java:111)
	at sun.reflect.NativeMethodAccessorImpl.invoke0(Native Method)
	at sun.reflect.NativeMethodAccessorImpl.invoke(NativeMethodAccessorImpl.java:62)
	at sun.reflect.DelegatingMethodAccessorImpl.invoke(DelegatingMethodAccessorImpl.java:43)
	at java.lang.reflect.Method.invoke(Method.java:498)
	at org.testng.internal.MethodInvocationHelper.invokeMethod(MethodInvocationHelper.java:104)
	at org.testng.internal.Invoker.invokeMethod(Invoker.java:645)
	at org.testng.internal.Invoker.invokeTestMethod(Invoker.java:851)
	at org.testng.internal.Invoker.invokeTestMethods(Invoker.java:1177)
	at org.testng.internal.TestMethodWorker.invokeTestMethods(TestMethodWorker.java:129)
	at org.testng.internal.TestMethodWorker.run(TestMethodWorker.java:112)
	at org.testng.TestRunner.privateRun(TestRunner.java:756)
	at org.testng.TestRunner.run(TestRunner.java:610)
	at org.testng.SuiteRunner.runTest(SuiteRunner.java:387)
	at org.testng.SuiteRunner.runSequentially(SuiteRunner.java:382)
	at org.testng.SuiteRunner.privateRun(SuiteRunner.java:340)
	at org.testng.SuiteRunner.run(SuiteRunner.java:289)
	at org.testng.SuiteRunnerWorker.runSuite(SuiteRunnerWorker.java:52)
	at org.testng.SuiteRunnerWorker.run(SuiteRunnerWorker.java:86)
	at org.testng.TestNG.runSuitesSequentially(TestNG.java:1293)
	at org.testng.TestNG.runSuitesSequentially(TestNG.java:1289)
	at org.testng.TestNG.runSuitesLocally(TestNG.java:1218)
	at org.testng.TestNG.runSuites(TestNG.java:1133)
	at org.testng.TestNG.run(TestNG.java:1104)
	at org.apache.maven.surefire.testng.TestNGExecutor.run(TestNGExecutor.java:295)
	at org.apache.maven.surefire.testng.TestNGXmlTestSuite.execute(TestNGXmlTestSuite.java:84)
	at org.apache.maven.surefire.testng.TestNGProvider.invoke(TestNGProvider.java:90)
	at org.apache.maven.surefire.booter.ForkedBooter.invokeProviderInSameClassLoader(ForkedBooter.java:203)
	at org.apache.maven.surefire.booter.ForkedBooter.runSuitesInProcess(ForkedBooter.java:155)
	at org.apache.maven.surefire.booter.ForkedBooter.main(ForkedBooter.java:103)
]]>
            </full-stacktrace>
          </exception> <!-- java.lang.AssertionError -->
          <reporter-output>
          </reporter-output>
        </test-method> <!-- CMS_Card_Test -->
        <test-method status="PASS" signature="init()[pri:0, instance:com.acams.ddf.testcases.CMS_Card_Test@6392827e]" name="init" is-config="true" duration-ms="0" started-at="2018-02-06T03:33:12Z" finished-at="2018-02-06T03:33:12Z">
          <reporter-output>
          </reporter-output>
        </test-method> <!-- init -->
        <test-method status="PASS" signature="quit()[pri:0, instance:com.acams.ddf.testcases.CMS_Card_Test@6392827e]" name="quit" is-config="true" duration-ms="125" started-at="2018-02-06T03:35:55Z" finished-at="2018-02-06T03:35:55Z">
          <reporter-output>
          </reporter-output>
        </test-method> <!-- quit -->
      </class> <!-- com.acams.ddf.testcases.CMS_Card_Test -->
    </test> <!-- CMS_Card_Test -->
    <test name="PA 309_Test" duration-ms="46226" started-at="2018-02-06T08:35:55Z" finished-at="2018-02-06T08:36:42Z">
      <class name="com.acams.ddf.testcases.PA309_Test">
        <test-method status="PASS" signature="beforeTest()[pri:0, instance:com.acams.ddf.testcases.PA309_Test@61001b64]" name="beforeTest" is-config="true" duration-ms="297" started-at="2018-02-06T03:35:55Z" finished-at="2018-02-06T03:35:56Z">
          <reporter-output>
          </reporter-output>
        </test-method> <!-- beforeTest -->
        <test-method status="FAIL" signature="PA309_Test(java.util.Hashtable)[pri:1, instance:com.acams.ddf.testcases.PA309_Test@61001b64]" name="PA309_Test" duration-ms="45788" started-at="2018-02-06T03:35:56Z" data-provider="getData" finished-at="2018-02-06T03:36:42Z">
          <params>
            <param index="0">
              <value>
                <![CDATA[{ClientName=Clarkss, Andy, Case=20180204000014, Insurance Name=, Runmode=Y, ProviderName=180 MEDICAL INC, Mpi=201802002676, FinalComments=PA309 created, Browser=ie}]]>
              </value>
            </param>
          </params>
          <exception class="java.lang.AssertionError">
            <message>
              <![CDATA[PA309 quick link is not enable]]>
            </message>
            <full-stacktrace>
              <![CDATA[java.lang.AssertionError: PA309 quick link is not enable
	at org.testng.Assert.fail(Assert.java:94)
	at com.acams.ddf.base.BaseTest.reportFailure(BaseTest.java:815)
	at com.acams.ddf.testcases.PA309_Test.PA309_Test(PA309_Test.java:111)
	at sun.reflect.NativeMethodAccessorImpl.invoke0(Native Method)
	at sun.reflect.NativeMethodAccessorImpl.invoke(NativeMethodAccessorImpl.java:62)
	at sun.reflect.DelegatingMethodAccessorImpl.invoke(DelegatingMethodAccessorImpl.java:43)
	at java.lang.reflect.Method.invoke(Method.java:498)
	at org.testng.internal.MethodInvocationHelper.invokeMethod(MethodInvocationHelper.java:104)
	at org.testng.internal.Invoker.invokeMethod(Invoker.java:645)
	at org.testng.internal.Invoker.invokeTestMethod(Invoker.java:851)
	at org.testng.internal.Invoker.invokeTestMethods(Invoker.java:1177)
	at org.testng.internal.TestMethodWorker.invokeTestMethods(TestMethodWorker.java:129)
	at org.testng.internal.TestMethodWorker.run(TestMethodWorker.java:112)
	at org.testng.TestRunner.privateRun(TestRunner.java:756)
	at org.testng.TestRunner.run(TestRunner.java:610)
	at org.testng.SuiteRunner.runTest(SuiteRunner.java:387)
	at org.testng.SuiteRunner.runSequentially(SuiteRunner.java:382)
	at org.testng.SuiteRunner.privateRun(SuiteRunner.java:340)
	at org.testng.SuiteRunner.run(SuiteRunner.java:289)
	at org.testng.SuiteRunnerWorker.runSuite(SuiteRunnerWorker.java:52)
	at org.testng.SuiteRunnerWorker.run(SuiteRunnerWorker.java:86)
	at org.testng.TestNG.runSuitesSequentially(TestNG.java:1293)
	at org.testng.TestNG.runSuitesSequentially(TestNG.java:1289)
	at org.testng.TestNG.runSuitesLocally(TestNG.java:1218)
	at org.testng.TestNG.runSuites(TestNG.java:1133)
	at org.testng.TestNG.run(TestNG.java:1104)
	at org.apache.maven.surefire.testng.TestNGExecutor.run(TestNGExecutor.java:295)
	at org.apache.maven.surefire.testng.TestNGXmlTestSuite.execute(TestNGXmlTestSuite.java:84)
	at org.apache.maven.surefire.testng.TestNGProvider.invoke(TestNGProvider.java:90)
	at org.apache.maven.surefire.booter.ForkedBooter.invokeProviderInSameClassLoader(ForkedBooter.java:203)
	at org.apache.maven.surefire.booter.ForkedBooter.runSuitesInProcess(ForkedBooter.java:155)
	at org.apache.maven.surefire.booter.ForkedBooter.main(ForkedBooter.java:103)
]]>
            </full-stacktrace>
          </exception> <!-- java.lang.AssertionError -->
          <reporter-output>
          </reporter-output>
        </test-method> <!-- PA309_Test -->
        <test-method status="PASS" signature="init()[pri:0, instance:com.acams.ddf.testcases.PA309_Test@61001b64]" name="init" is-config="true" duration-ms="0" started-at="2018-02-06T03:35:56Z" finished-at="2018-02-06T03:35:56Z">
          <reporter-output>
          </reporter-output>
        </test-method> <!-- init -->
        <test-method status="PASS" signature="quit()[pri:0, instance:com.acams.ddf.testcases.PA309_Test@61001b64]" name="quit" is-config="true" duration-ms="63" started-at="2018-02-06T03:36:42Z" finished-at="2018-02-06T03:36:42Z">
          <reporter-output>
          </reporter-output>
        </test-method> <!-- quit -->
        <test-method status="FAIL" signature="runApplication(java.lang.String)[pri:0, instance:com.acams.ddf.testcases.PA309_Test@61001b64]" name="runApplication" is-config="true" duration-ms="0" started-at="2018-02-06T03:36:42Z" finished-at="2018-02-06T03:36:42Z">
          <exception class="org.testng.TestNGException">
            <message>
              <![CDATA[
Can inject only one of <ITestContext, XmlTest> into a AfterSuite annotated runApplication.
For more information on native dependency injection please refer to http://testng.org/doc/documentation-main.html#native-dependency-injection]]>
            </message>
            <full-stacktrace>
              <![CDATA[org.testng.TestNGException: 
Can inject only one of <ITestContext, XmlTest> into a AfterSuite annotated runApplication.
For more information on native dependency injection please refer to http://testng.org/doc/documentation-main.html#native-dependency-injection
	at org.testng.internal.Parameters.checkParameterTypes(Parameters.java:244)
	at org.testng.internal.Parameters.createParameters(Parameters.java:172)
	at org.testng.internal.Parameters.createParameters(Parameters.java:458)
	at org.testng.internal.Parameters.createConfigurationParameters(Parameters.java:118)
	at org.testng.internal.Invoker.invokeConfigurations(Invoker.java:203)
	at org.testng.internal.Invoker.invokeConfigurations(Invoker.java:144)
	at org.testng.SuiteRunner.privateRun(SuiteRunner.java:357)
	at org.testng.SuiteRunner.run(SuiteRunner.java:289)
	at org.testng.SuiteRunnerWorker.runSuite(SuiteRunnerWorker.java:52)
	at org.testng.SuiteRunnerWorker.run(SuiteRunnerWorker.java:86)
	at org.testng.TestNG.runSuitesSequentially(TestNG.java:1293)
	at org.testng.TestNG.runSuitesSequentially(TestNG.java:1289)
	at org.testng.TestNG.runSuitesLocally(TestNG.java:1218)
	at org.testng.TestNG.runSuites(TestNG.java:1133)
	at org.testng.TestNG.run(TestNG.java:1104)
	at org.apache.maven.surefire.testng.TestNGExecutor.run(TestNGExecutor.java:295)
	at org.apache.maven.surefire.testng.TestNGXmlTestSuite.execute(TestNGXmlTestSuite.java:84)
	at org.apache.maven.surefire.testng.TestNGProvider.invoke(TestNGProvider.java:90)
	at org.apache.maven.surefire.booter.ForkedBooter.invokeProviderInSameClassLoader(ForkedBooter.java:203)
	at org.apache.maven.surefire.booter.ForkedBooter.runSuitesInProcess(ForkedBooter.java:155)
	at org.apache.maven.surefire.booter.ForkedBooter.main(ForkedBooter.java:103)
]]>
            </full-stacktrace>
          </exception> <!-- org.testng.TestNGException -->
          <reporter-output>
          </reporter-output>
        </test-method> <!-- runApplication -->
      </class> <!-- com.acams.ddf.testcases.PA309_Test -->
    </test> <!-- PA 309_Test -->
  </suite> <!-- ACAMS SUITE ONE -->
</testng-results>
